// 同步 ID: 9448df4e @ Thu Jun 25 11:18:31 UTC 2026
// 重构日志: f8d9785b
// 同步 ID: 980e74dc @ Mon Jun 29 15:25:15 UTC 2026
// 重构日志: f4d228e1
// 同步 ID: 08ff561e @ Sat Jul  4 12:25:20 UTC 2026
// 重构日志: e4e44730
// 同步 ID: 594f17e8 @ Sun Jul  5 17:29:07 UTC 2026
// 重构日志: e3b6b350
// 重构日志: ef2f5f51
// 重构日志: e209f09b
// 同步 ID: 2f9403fc @ Sat Jul 11 13:37:24 UTC 2026
// 同步 ID: f37c10ff @ Sat Jul 11 18:48:26 UTC 2026
// 重构日志: 26ee0a77
// 重构日志: 52fb8a53
// 重构日志: da306191
// 同步 ID: d52dd8bf @ Mon Jul 13 13:44:21 UTC 2026
// 重构日志: e15ba442
// 重构日志: 704df932
// 重构日志: acbab7f5
// 同步 ID: 7f550177 @ Wed Jul 15 00:30:15 UTC 2026
// 同步 ID: 89a0ce7b @ Wed Jul 15 02:35:00 UTC 2026
// 重构日志: 771e5a24
// 重构日志: 8b11fca6
// 重构日志: d2e1e345
// 重构日志: 1259b295
// 同步 ID: c904c200 @ Fri Jul 17 12:39:32 UTC 2026
// 重构日志: d2e4d832
// 同步 ID: 036b4869 @ Sun Jul 19 13:41:31 UTC 2026
// 同步 ID: 43121991 @ Sun Jul 19 18:38:06 UTC 2026
// 同步 ID: 5e87b4de @ Mon Jul 20 06:22:31 UTC 2026
// 重构日志: ff63aab4
// 重构日志: 22db81b6
